<?xml version="1.0" encoding="UTF-8"?>
<testsuite name="SecondTest"
           tests="19"
           failures="0"
           errors="0"
           skipped="4"
           time="0.032">
    <properties></properties>


            <testcase
                name="testRandom2"
                time="0.0"
                classname="AnnotationTest">
            </testcase>
            <testcase
                name="testRandom3"
                time="0.0"
                classname="AnnotationTest">
            </testcase>
            <testcase
                name="testRandom1"
                time="0.0"
                classname="AnnotationTest">
            </testcase>
            <testcase
                name="testRandom"
                time="0.0"
                classname="AnnotationTest">
            </testcase>

            <testcase
                name="test12"
                time="0.006"
                classname="AnnotationTest">
            </testcase>
            <testcase
                name="test9"
                time="0.000"
                classname="AnnotationTest">
            </testcase>
            <testcase
                name="test13"
                time="0.002"
                classname="AnnotationTest">
            </testcase>
            <testcase
                name="test8"
                time="0.001"
                classname="AnnotationTest">
            </testcase>
            <testcase
                name="test10"
                time="0.000"
                classname="AnnotationTest">
            </testcase>
            <testcase
                name="test11"
                time="0.001"
                classname="AnnotationTest">
            </testcase>
            <testcase
                name="test6"
                time="0.000"
                classname="AnnotationTest">
            </testcase>
            <testcase
                name="test2"
                time="0.001"
                classname="AnnotationTest">
            </testcase>
            <testcase
                name="test3"
                time="0.001"
                classname="AnnotationTest">
            </testcase>
            <testcase
                name="test15"
                time="0.006"
                classname="AnnotationTest">
            </testcase>
            <testcase
                name="test4"
                time="0.002"
                classname="AnnotationTest">
            </testcase>
            <testcase
                name="test1"
                time="0.000"
                classname="AnnotationTest">
            </testcase>
            <testcase
                name="test5"
                time="0.001"
                classname="AnnotationTest">
            </testcase>
            <testcase
                name="test7"
                time="0.002"
                classname="AnnotationTest">
            </testcase>
            <testcase
                name="test14"
                time="0.001"
                classname="AnnotationTest">
            </testcase>
</testsuite>
