<?xml version="1.0" encoding="UTF-8"?>
<testsuite name="FirstTest"
           tests="8"
           failures="0"
           errors="0"
           skipped="0"
           time="0.011">
    <properties></properties>



            <testcase
                name="textLengthTest"
                time="0.001"
                classname="TextLengthTest">
            </testcase>
            <testcase
                name="textLengthTest"
                time="0.001"
                classname="TextLengthTest">
            </testcase>
            <testcase
                name="textLengthTest"
                time="0.000"
                classname="TextLengthTest">
            </testcase>
            <testcase
                name="textLengthTest"
                time="0.007"
                classname="TextLengthTest">
            </testcase>
            <testcase
                name="textLengthTest"
                time="0.001"
                classname="TextLengthTest">
            </testcase>
            <testcase
                name="textLengthTest"
                time="0.000"
                classname="TextLengthTest">
            </testcase>
            <testcase
                name="textLengthTest"
                time="0.001"
                classname="TextLengthTest">
            </testcase>
            <testcase
                name="textLengthTest"
                time="0.000"
                classname="TextLengthTest">
            </testcase>
</testsuite>
